2025-07-22 21:33:05 [main] INFO  Log - Starting setup...
2025-07-22 21:33:06 [main] INFO  Log - Navigating to url...
2025-07-22 21:33:09 [main] INFO  Log - Closing the browser ...
2025-07-22 21:35:16 [main] INFO  Log - Starting setup...                     
2025-07-22 21:35:17 [main] INFO  Log - Navigating to url...
2025-07-22 21:35:18 [main] INFO  Log - Starting login test...
2025-07-22 21:35:18 [main] INFO  Log - Adding credentials...
2025-07-22 21:35:20 [main] INFO  Log - Verifying page title...
2025-07-22 21:35:20 [main] INFO  Log - Closing the browser ... 
2025-07-22 21:36:59 [main] INFO  Log - Starting setup...                                                                   
2025-07-22 21:37:00 [main] INFO  Log - Navigating to url...
2025-07-22 21:37:01 [main] INFO  Log - Starting login test...                 
2025-07-22 21:37:01 [main] INFO  Log - Adding credentials...            
2025-07-22 21:37:02 [main] INFO  Log - Verifying page title...                 
2025-07-22 21:37:02 [main] INFO  Log - Closing the browser ...                              
2025-07-23 18:43:57 [main] INFO  Log - Starting setup...
2025-07-23 18:44:02 [main] INFO  Log - Navigating to url...
2025-07-23 18:44:03 [main] INFO  Log - Starting login test...
2025-07-23 18:44:03 [main] INFO  Log - Adding credentials...
2025-07-23 18:44:03 [main] INFO  Log - Verifying page title...
2025-07-23 18:44:05 [main] INFO  Log - Closing the browser ...
2025-07-23 18:47:30 [main] INFO  Log - Starting setup...
2025-07-23 18:47:31 [main] INFO  Log - Navigating to url...
2025-07-23 18:47:32 [main] INFO  Log - Starting login test...
2025-07-23 18:47:32 [main] INFO  Log - Adding credentials...
2025-07-23 18:47:34 [main] INFO  Log - Verifying page title...
2025-07-23 18:47:34 [main] INFO  Log - Closing the browser ...
2025-07-23 18:49:15 [main] INFO  Log - Starting setup...
2025-07-23 18:49:16 [main] INFO  Log - Navigating to url...
2025-07-23 18:49:17 [main] INFO  Log - Starting login test...
2025-07-23 18:49:17 [main] INFO  Log - Adding credentials...
2025-07-23 18:49:19 [main] INFO  Log - Verifying page title...
2025-07-23 18:49:19 [main] INFO  Log - Closing the browser ...
2025-07-23 18:49:19 [main] INFO  Log - Starting setup...
2025-07-23 18:49:19 [main] INFO  Log - Navigating to url...
2025-07-23 18:49:21 [main] INFO  Log - Starting login test...
2025-07-23 18:49:21 [main] INFO  Log - Adding credentials...
2025-07-23 18:49:23 [main] INFO  Log - Verifying page title...
2025-07-23 18:49:24 [main] INFO  Log - Closing the browser ...
2025-07-23 18:53:08 [main] INFO  Log - Starting setup...
2025-07-23 18:53:09 [main] INFO  Log - Navigating to url...
2025-07-23 18:53:10 [main] INFO  Log - Starting login test...
2025-07-23 18:53:10 [main] INFO  Log - Adding credentials...
2025-07-23 18:53:10 [main] INFO  Log - Verifying page title...
2025-07-23 18:53:10 [main] INFO  Log - Closing the browser ...
2025-07-23 18:53:10 [main] INFO  Log - Starting setup...
2025-07-23 18:53:11 [main] INFO  Log - Navigating to url...
2025-07-23 18:53:12 [main] INFO  Log - Starting login test...
2025-07-23 18:53:12 [main] INFO  Log - Adding credentials...
2025-07-23 18:53:14 [main] INFO  Log - Verifying page title...
2025-07-23 18:53:14 [main] INFO  Log - Closing the browser ...
2025-07-23 18:55:52 [main] INFO  Log - Starting setup...
2025-07-23 18:55:53 [main] INFO  Log - Navigating to url...
2025-07-23 18:55:54 [main] INFO  Log - Starting login test...
2025-07-23 18:55:54 [main] INFO  Log - Adding credentials...
2025-07-23 18:55:55 [main] INFO  Log - Verifying page title...
2025-07-23 18:55:55 [main] INFO  Log - Closing the browser ...
2025-07-23 18:55:55 [main] INFO  Log - Starting setup...
2025-07-23 18:55:55 [main] INFO  Log - Navigating to url...
2025-07-23 18:55:56 [main] INFO  Log - Starting login test...
2025-07-23 18:55:56 [main] INFO  Log - Adding credentials...
2025-07-23 18:55:57 [main] INFO  Log - Verifying page title...
2025-07-23 18:55:57 [main] INFO  Log - Closing the browser ...
2025-07-23 18:56:47 [main] INFO  Log - Starting setup...
2025-07-23 18:56:48 [main] INFO  Log - Navigating to url...
2025-07-23 18:56:49 [main] INFO  Log - Starting login test...
2025-07-23 18:56:49 [main] INFO  Log - Adding credentials...
2025-07-23 18:56:50 [main] INFO  Log - Verifying page title...
2025-07-23 18:56:50 [main] INFO  Log - Closing the browser ...
2025-07-23 18:56:50 [main] INFO  Log - Starting setup...
2025-07-23 18:56:50 [main] INFO  Log - Navigating to url...
2025-07-23 18:56:51 [main] INFO  Log - Starting login test...
2025-07-23 18:56:51 [main] INFO  Log - Adding credentials...
2025-07-23 18:56:52 [main] INFO  Log - Verifying page title...
2025-07-23 18:56:52 [main] INFO  Log - Closing the browser ...
2025-07-25 23:15:03 [main] INFO  Log - Starting setup...
2025-07-25 23:15:07 [main] INFO  Log - Navigating to url...
2025-07-25 23:15:08 [main] INFO  Log - Starting login test...
2025-07-25 23:15:08 [main] INFO  Log - Adding credentials...
2025-07-25 23:15:08 [main] INFO  Log - Verifying page title...
2025-07-25 23:15:08 [main] INFO  Log - Closing the browser ...
2025-07-25 23:15:08 [main] INFO  Log - Starting setup...
2025-07-25 23:15:09 [main] INFO  Log - Navigating to url...
2025-07-25 23:15:10 [main] INFO  Log - Starting login test...
2025-07-25 23:15:10 [main] INFO  Log - Adding credentials...
2025-07-25 23:15:10 [main] INFO  Log - Verifying page title...
2025-07-25 23:15:10 [main] INFO  Log - Closing the browser ...
2025-07-25 23:15:54 [main] INFO  Log - Starting setup...
2025-07-25 23:15:55 [main] INFO  Log - Navigating to url...
2025-07-25 23:15:56 [main] INFO  Log - Starting login test...
2025-07-25 23:15:56 [main] INFO  Log - Adding credentials...
2025-07-25 23:15:59 [main] INFO  Log - Verifying page title...
2025-07-25 23:15:59 [main] INFO  Log - Closing the browser ...
2025-07-25 23:15:59 [main] INFO  Log - Starting setup...
2025-07-25 23:15:59 [main] INFO  Log - Navigating to url...
2025-07-25 23:16:01 [main] INFO  Log - Starting login test...
2025-07-25 23:16:01 [main] INFO  Log - Adding credentials...
2025-07-25 23:16:01 [main] INFO  Log - Verifying page title...
2025-07-25 23:16:01 [main] INFO  Log - Closing the browser ...
2025-07-25 23:19:07 [main] INFO  Log - Starting setup...
2025-07-25 23:19:08 [main] INFO  Log - Navigating to url...
2025-07-25 23:19:09 [main] INFO  Log - Starting login test...
2025-07-25 23:19:09 [main] INFO  Log - Adding credentials...
2025-07-25 23:19:09 [main] INFO  Log - Verifying page title...
2025-07-25 23:19:09 [main] INFO  Log - Closing the browser ...
2025-07-25 23:19:09 [main] INFO  Log - Starting setup...
2025-07-25 23:19:10 [main] INFO  Log - Navigating to url...
2025-07-25 23:19:11 [main] INFO  Log - Starting login test...
2025-07-25 23:19:11 [main] INFO  Log - Adding credentials...
2025-07-25 23:19:14 [main] INFO  Log - Verifying page title...
2025-07-25 23:19:14 [main] INFO  Log - Closing the browser ...
2025-07-25 23:21:52 [main] INFO  Log - Starting setup...
2025-07-25 23:21:53 [main] INFO  Log - Navigating to url...
2025-07-25 23:21:54 [main] INFO  Log - Starting login test...
2025-07-25 23:21:54 [main] INFO  Log - Adding credentials...
2025-07-25 23:21:55 [main] INFO  Log - Verifying page title...
2025-07-25 23:21:59 [main] INFO  Log - Closing the browser ...
2025-07-25 23:21:59 [main] INFO  Log - Starting setup...
2025-07-25 23:22:00 [main] INFO  Log - Navigating to url...
2025-07-25 23:22:01 [main] INFO  Log - Starting login test...
2025-07-25 23:22:01 [main] INFO  Log - Adding credentials...
2025-07-25 23:22:03 [main] INFO  Log - Verifying page title...
2025-07-25 23:22:04 [main] INFO  Log - Closing the browser ...
2025-07-25 23:42:33 [main] INFO  Log - Starting setup...
2025-07-25 23:42:34 [main] INFO  Log - Navigating to url...
2025-07-25 23:42:35 [main] INFO  Log - Starting login test...
2025-07-25 23:42:35 [main] INFO  Log - Adding credentials...
2025-07-25 23:42:36 [main] INFO  Log - Verifying page title...
2025-07-25 23:42:36 [main] INFO  Log - Closing the browser ...
2025-07-25 23:42:36 [main] INFO  Log - Starting setup...
2025-07-25 23:42:36 [main] INFO  Log - Navigating to url...
2025-07-25 23:42:37 [main] INFO  Log - Starting login test...
2025-07-25 23:42:37 [main] INFO  Log - Adding credentials...
2025-07-25 23:42:38 [main] INFO  Log - Verifying page title...
2025-07-25 23:42:41 [main] INFO  Log - Closing the browser ...
2025-07-25 23:42:42 [main] INFO  Log - Starting setup...
2025-07-25 23:42:42 [main] INFO  Log - Navigating to url...
2025-07-25 23:42:45 [main] INFO  Log - Starting login test...
2025-07-25 23:42:45 [main] INFO  Log - Adding credentials...
2025-07-25 23:42:45 [main] INFO  Log - Verifying page title...
2025-07-25 23:42:45 [main] INFO  Log - Closing the browser ...
2025-07-25 23:43:25 [main] INFO  Log - Starting setup...
2025-07-25 23:43:26 [main] INFO  Log - Navigating to url...
2025-07-25 23:43:27 [main] INFO  Log - Starting login test...
2025-07-25 23:43:27 [main] INFO  Log - Adding credentials...
2025-07-25 23:43:30 [main] INFO  Log - Verifying page title...
2025-07-25 23:43:30 [main] INFO  Log - Closing the browser ...
2025-07-25 23:43:31 [main] INFO  Log - Starting setup...
2025-07-25 23:43:31 [main] INFO  Log - Navigating to url...
2025-07-25 23:43:32 [main] INFO  Log - Starting login test...
2025-07-25 23:43:32 [main] INFO  Log - Adding credentials...
2025-07-25 23:43:35 [main] INFO  Log - Verifying page title...
2025-07-25 23:43:35 [main] INFO  Log - Closing the browser ...
2025-07-25 23:43:36 [main] INFO  Log - Starting setup...
2025-07-25 23:43:36 [main] INFO  Log - Navigating to url...
2025-07-25 23:43:38 [main] INFO  Log - Starting login test...
2025-07-25 23:43:38 [main] INFO  Log - Adding credentials...
2025-07-25 23:43:41 [main] INFO  Log - Verifying page title...
2025-07-25 23:43:41 [main] INFO  Log - Closing the browser ...
2025-07-26 18:36:35 [main] INFO  Log - Starting setup...
2025-07-26 18:36:42 [main] INFO  Log - Navigating to url...
2025-07-26 18:36:43 [main] INFO  Log - Closing the browser ...
2025-07-26 18:37:06 [main] INFO  Log - Starting setup...
2025-07-26 18:37:07 [main] INFO  Log - Navigating to url...
2025-07-26 18:37:11 [main] INFO  Log - Closing the browser ...
2025-07-26 18:39:15 [main] INFO  Log - Starting setup...
2025-07-26 18:39:17 [main] INFO  Log - Navigating to url...
2025-07-26 18:39:20 [main] INFO  Log - Closing the browser ...
2025-07-26 18:39:33 [main] INFO  Log - Starting setup...
2025-07-26 18:39:34 [main] INFO  Log - Navigating to url...
2025-07-26 18:39:38 [main] INFO  Log - Closing the browser ...
2025-07-26 18:39:50 [main] INFO  Log - Starting setup...
2025-07-26 18:39:52 [main] INFO  Log - Navigating to url...
2025-07-26 18:39:55 [main] INFO  Log - Closing the browser ...
2025-07-26 18:47:26 [main] INFO  Log - Starting setup...
2025-07-26 18:47:27 [main] INFO  Log - Navigating to url...
2025-07-26 18:47:37 [main] INFO  Log - Closing the browser ...
2025-07-26 18:47:49 [main] INFO  Log - Starting setup...
2025-07-26 18:47:50 [main] INFO  Log - Navigating to url...
2025-07-26 18:48:00 [main] INFO  Log - Closing the browser ...
2025-07-26 18:49:18 [main] INFO  Log - Starting setup...
2025-07-26 18:49:19 [main] INFO  Log - Navigating to url...
2025-07-26 18:49:28 [main] INFO  Log - Closing the browser ...
2025-07-26 18:49:57 [main] INFO  Log - Starting setup...
2025-07-26 18:49:58 [main] INFO  Log - Navigating to url...
2025-07-26 18:50:10 [main] INFO  Log - Closing the browser ...
2025-07-26 18:50:17 [main] INFO  Log - Starting setup...
2025-07-26 18:50:18 [main] INFO  Log - Navigating to url...
2025-07-26 18:50:31 [main] INFO  Log - Closing the browser ...
2025-07-26 18:51:06 [main] INFO  Log - Starting setup...
2025-07-26 18:51:07 [main] INFO  Log - Navigating to url...
2025-07-26 18:51:16 [main] INFO  Log - Closing the browser ...
2025-07-26 18:51:50 [main] INFO  Log - Starting setup...
2025-07-26 18:51:52 [main] INFO  Log - Navigating to url...
2025-07-26 18:52:01 [main] INFO  Log - Closing the browser ...
2025-07-26 18:52:37 [main] INFO  Log - Starting setup...
2025-07-26 18:52:38 [main] INFO  Log - Navigating to url...
2025-07-26 18:52:48 [main] INFO  Log - Closing the browser ...
2025-07-26 18:52:57 [main] INFO  Log - Starting setup...
2025-07-26 18:52:58 [main] INFO  Log - Navigating to url...
2025-07-26 18:53:07 [main] INFO  Log - Closing the browser ...
2025-07-26 18:53:32 [main] INFO  Log - Starting setup...
2025-07-26 18:53:33 [main] INFO  Log - Navigating to url...
2025-07-26 18:53:45 [main] INFO  Log - Closing the browser ...
2025-07-26 18:53:58 [main] INFO  Log - Starting setup...
2025-07-26 18:53:59 [main] INFO  Log - Navigating to url...
2025-07-26 18:54:12 [main] INFO  Log - Closing the browser ...
2025-07-26 18:54:18 [main] INFO  Log - Starting setup...
2025-07-26 18:54:19 [main] INFO  Log - Navigating to url...
2025-07-26 18:54:32 [main] INFO  Log - Closing the browser ...
2025-07-26 19:02:48 [main] INFO  Log - Starting setup...
2025-07-26 19:02:49 [main] INFO  Log - Navigating to url...
2025-07-26 19:02:50 [main] INFO  Log - Closing the browser ...
2025-07-26 19:03:09 [main] INFO  Log - Starting setup...
2025-07-26 19:03:10 [main] INFO  Log - Navigating to url...
2025-07-26 19:03:12 [main] INFO  Log - Closing the browser ...
2025-07-26 19:03:32 [main] INFO  Log - Starting setup...
2025-07-26 19:03:33 [main] INFO  Log - Navigating to url...
2025-07-26 19:03:34 [main] INFO  Log - Closing the browser ...
2025-07-26 19:16:52 [main] INFO  Log - Starting setup...
2025-07-26 19:16:53 [main] INFO  Log - Navigating to url...
2025-07-26 19:16:55 [main] INFO  Log - Closing the browser ...
2025-07-26 19:17:15 [main] INFO  Log - Starting setup...
2025-07-26 19:17:16 [main] INFO  Log - Navigating to url...
2025-07-26 19:17:20 [main] INFO  Log - Closing the browser ...
2025-07-26 19:17:27 [main] INFO  Log - Starting setup...
2025-07-26 19:17:29 [main] INFO  Log - Navigating to url...
2025-07-26 19:17:32 [main] INFO  Log - Closing the browser ...
2025-07-26 19:17:58 [main] INFO  Log - Starting setup...
2025-07-26 19:17:58 [main] INFO  Log - Starting setup...
2025-07-26 19:17:59 [main] INFO  Log - Navigating to url...
2025-07-26 19:17:59 [main] INFO  Log - Navigating to url...
2025-07-26 19:18:05 [main] INFO  Log - Closing the browser ...
2025-07-26 19:18:06 [main] INFO  Log - Closing the browser ...
2025-07-26 19:19:17 [main] INFO  Log - Starting setup...
2025-07-26 19:19:18 [main] INFO  Log - Navigating to url...
2025-07-26 19:19:25 [main] INFO  Log - Closing the browser ...
2025-07-26 19:21:34 [main] INFO  Log - Starting setup...
2025-07-26 19:21:35 [main] INFO  Log - Navigating to url...
2025-07-26 19:21:35 [main] INFO  Log - Closing the browser ...
2025-07-26 19:22:06 [main] INFO  Log - Starting setup...
2025-07-26 19:22:07 [main] INFO  Log - Navigating to url...
2025-07-26 19:22:12 [main] INFO  Log - Closing the browser ...
2025-07-26 19:23:34 [main] INFO  Log - Starting setup...
2025-07-26 19:23:35 [main] INFO  Log - Navigating to url...
2025-07-26 19:23:40 [main] INFO  Log - Closing the browser ...
2025-07-26 19:27:22 [main] INFO  Log - Starting setup...
2025-07-26 19:27:23 [main] INFO  Log - Navigating to url...
2025-07-26 19:27:24 [main] INFO  Log - Closing the browser ...
2025-07-26 19:27:33 [main] INFO  Log - Starting setup...
2025-07-26 19:27:34 [main] INFO  Log - Navigating to url...
2025-07-26 19:27:40 [main] INFO  Log - Closing the browser ...
2025-07-26 19:27:45 [main] INFO  Log - Starting setup...
2025-07-26 19:27:47 [main] INFO  Log - Navigating to url...
2025-07-26 19:27:51 [main] INFO  Log - Closing the browser ...
2025-07-26 19:28:05 [main] INFO  Log - Starting setup...
2025-07-26 19:28:06 [main] INFO  Log - Navigating to url...
2025-07-26 19:28:15 [main] INFO  Log - Closing the browser ...
2025-07-26 19:31:37 [main] INFO  Log - Starting setup...
2025-07-26 19:31:38 [main] INFO  Log - Navigating to url...
2025-07-26 19:31:39 [main] INFO  Log - Closing the browser ...
2025-07-26 19:31:55 [main] INFO  Log - Starting setup...
2025-07-26 19:31:56 [main] INFO  Log - Navigating to url...
2025-07-26 19:32:01 [main] INFO  Log - Closing the browser ...
2025-07-26 19:32:47 [main] INFO  Log - Starting setup...
2025-07-26 19:32:48 [main] INFO  Log - Navigating to url...
2025-07-26 19:32:53 [main] INFO  Log - Closing the browser ...
2025-07-27 18:43:31 [main] INFO  Log - Starting setup...
2025-07-27 18:43:41 [main] INFO  Log - Navigating to url...
2025-07-27 18:43:41 [main] INFO  Log - Starting login test...
2025-07-27 18:43:41 [main] INFO  Log - Adding credentials...
2025-07-27 18:43:42 [main] INFO  Log - Starting setup...
2025-07-27 18:43:42 [main] INFO  Log - Navigating to url...
2025-07-27 18:43:42 [main] INFO  Log - Starting login test...
2025-07-27 18:43:42 [main] INFO  Log - Adding credentials...
2025-07-27 18:43:43 [main] INFO  Log - Starting setup...
2025-07-27 18:43:43 [main] INFO  Log - Navigating to url...
2025-07-27 18:43:43 [main] INFO  Log - Starting login test...
2025-07-27 18:43:43 [main] INFO  Log - Adding credentials...
2025-07-27 18:43:44 [main] INFO  Log - Starting setup...
2025-07-27 18:43:44 [main] INFO  Log - Navigating to url...
2025-07-27 18:43:44 [main] INFO  Log - Starting login test...
2025-07-27 18:43:44 [main] INFO  Log - Adding credentials...
2025-07-27 18:44:47 [main] INFO  Log - Starting setup...
2025-07-27 18:44:48 [main] INFO  Log - Navigating to url...
2025-07-27 18:44:48 [main] INFO  Log - Starting login test...
2025-07-27 18:44:48 [main] INFO  Log - Adding credentials...
2025-07-27 18:44:49 [main] INFO  Log - Starting setup...
2025-07-27 18:44:49 [main] INFO  Log - Navigating to url...
2025-07-27 18:44:49 [main] INFO  Log - Starting login test...
2025-07-27 18:44:49 [main] INFO  Log - Adding credentials...
2025-07-27 18:44:50 [main] INFO  Log - Starting setup...
2025-07-27 18:44:50 [main] INFO  Log - Navigating to url...
2025-07-27 18:44:50 [main] INFO  Log - Starting login test...
2025-07-27 18:44:50 [main] INFO  Log - Adding credentials...
2025-07-27 18:44:51 [main] INFO  Log - Starting setup...
2025-07-27 18:44:51 [main] INFO  Log - Navigating to url...
2025-07-27 18:44:51 [main] INFO  Log - Starting login test...
2025-07-27 18:44:51 [main] INFO  Log - Adding credentials...
2025-07-27 18:46:44 [main] INFO  Log - Starting setup...
2025-07-27 18:46:45 [main] INFO  Log - Navigating to url...
2025-07-27 18:46:45 [main] INFO  Log - Starting login test...
2025-07-27 18:46:45 [main] INFO  Log - Adding credentials...
2025-07-27 18:46:45 [main] INFO  Log - Starting setup...
2025-07-27 18:46:46 [main] INFO  Log - Navigating to url...
2025-07-27 18:46:46 [main] INFO  Log - Starting login test...
2025-07-27 18:46:46 [main] INFO  Log - Adding credentials...
2025-07-27 18:46:46 [main] INFO  Log - Starting setup...
2025-07-27 18:46:47 [main] INFO  Log - Navigating to url...
2025-07-27 18:46:47 [main] INFO  Log - Starting login test...
2025-07-27 18:46:47 [main] INFO  Log - Adding credentials...
2025-07-27 18:48:34 [main] INFO  Log - Starting setup...
2025-07-27 18:48:35 [main] INFO  Log - Navigating to url...
2025-07-27 18:48:35 [main] INFO  Log - Starting login test...
2025-07-27 18:48:35 [main] INFO  Log - Adding credentials...
2025-07-27 18:48:35 [main] INFO  Log - Starting setup...
2025-07-27 18:48:36 [main] INFO  Log - Navigating to url...
2025-07-27 18:48:36 [main] INFO  Log - Starting login test...
2025-07-27 18:48:36 [main] INFO  Log - Adding credentials...
2025-07-27 18:48:36 [main] INFO  Log - Starting setup...
2025-07-27 18:48:37 [main] INFO  Log - Navigating to url...
2025-07-27 18:48:37 [main] INFO  Log - Starting login test...
2025-07-27 18:48:37 [main] INFO  Log - Adding credentials...
2025-07-27 18:49:01 [main] INFO  Log - Starting setup...
2025-07-27 18:49:02 [main] INFO  Log - Navigating to url...
2025-07-27 18:49:04 [main] INFO  Log - Starting login test...
2025-07-27 18:49:04 [main] INFO  Log - Adding credentials...
2025-07-27 18:49:04 [main] INFO  Log - Verifying page title...
2025-07-27 18:49:04 [main] INFO  Log - Starting setup...
2025-07-27 18:49:05 [main] INFO  Log - Navigating to url...
2025-07-27 18:49:06 [main] INFO  Log - Starting login test...
2025-07-27 18:49:06 [main] INFO  Log - Adding credentials...
2025-07-27 18:49:06 [main] INFO  Log - Verifying page title...
2025-07-27 18:49:11 [main] INFO  Log - Starting setup...
2025-07-27 18:49:12 [main] INFO  Log - Navigating to url...
2025-07-27 18:49:12 [main] INFO  Log - Starting login test...
2025-07-27 18:49:12 [main] INFO  Log - Adding credentials...
2025-07-27 18:49:13 [main] INFO  Log - Verifying page title...
2025-07-27 18:50:10 [main] INFO  Log - Starting setup...
2025-07-27 18:50:11 [main] INFO  Log - Navigating to url...
2025-07-27 18:50:14 [main] INFO  Log - Starting login test...
2025-07-27 18:50:14 [main] INFO  Log - Adding credentials...
2025-07-27 18:50:14 [main] INFO  Log - Verifying page title...
2025-07-27 18:50:15 [main] INFO  Log - Starting setup...
2025-07-27 18:50:16 [main] INFO  Log - Navigating to url...
2025-07-27 18:50:18 [main] INFO  Log - Starting login test...
2025-07-27 18:50:18 [main] INFO  Log - Adding credentials...
2025-07-27 18:50:23 [main] INFO  Log - Verifying page title...
2025-07-27 18:50:24 [main] INFO  Log - Starting setup...
2025-07-27 18:50:25 [main] INFO  Log - Navigating to url...
2025-07-27 18:50:26 [main] INFO  Log - Starting login test...
2025-07-27 18:50:26 [main] INFO  Log - Adding credentials...
2025-07-27 18:50:26 [main] INFO  Log - Verifying page title...
2025-07-27 18:50:27 [main] INFO  Log - Starting setup...
2025-07-27 18:50:27 [main] INFO  Log - Navigating to url...
2025-07-27 18:50:29 [main] INFO  Log - Starting login test...
2025-07-27 18:50:29 [main] INFO  Log - Adding credentials...
2025-07-27 18:50:29 [main] INFO  Log - Verifying page title...
2025-07-27 18:52:45 [main] INFO  Log - Starting setup...
2025-07-27 18:52:46 [main] INFO  Log - Navigating to url...
2025-07-27 18:52:47 [main] INFO  Log - Starting login test...
2025-07-27 18:52:47 [main] INFO  Log - Adding credentials...
2025-07-27 18:52:47 [main] INFO  Log - Verifying page title...
2025-07-27 18:52:48 [main] INFO  Log - Starting setup...
2025-07-27 18:52:48 [main] INFO  Log - Navigating to url...
2025-07-27 18:52:49 [main] INFO  Log - Starting login test...
2025-07-27 18:52:49 [main] INFO  Log - Adding credentials...
2025-07-27 18:52:50 [main] INFO  Log - Verifying page title...
2025-07-27 18:52:55 [main] INFO  Log - Starting setup...
2025-07-27 18:52:56 [main] INFO  Log - Navigating to url...
2025-07-27 18:52:57 [main] INFO  Log - Starting login test...
2025-07-27 18:52:57 [main] INFO  Log - Adding credentials...
2025-07-27 18:52:57 [main] INFO  Log - Verifying page title...
2025-07-27 18:52:57 [main] INFO  Log - Starting setup...
2025-07-27 18:52:58 [main] INFO  Log - Navigating to url...
2025-07-27 18:52:59 [main] INFO  Log - Starting login test...
2025-07-27 18:52:59 [main] INFO  Log - Adding credentials...
2025-07-27 18:53:00 [main] INFO  Log - Verifying page title...
2025-07-27 18:54:40 [main] INFO  Log - Starting setup...
2025-07-27 18:54:41 [main] INFO  Log - Navigating to url...
2025-07-27 18:54:44 [main] INFO  Log - Starting login test...
2025-07-27 18:54:44 [main] INFO  Log - Adding credentials...
2025-07-27 18:54:44 [main] INFO  Log - Verifying page title...
2025-07-27 18:54:45 [main] INFO  Log - Starting setup...
2025-07-27 18:54:46 [main] INFO  Log - Navigating to url...
2025-07-27 18:54:47 [main] INFO  Log - Starting login test...
2025-07-27 18:54:47 [main] INFO  Log - Adding credentials...
2025-07-27 18:54:47 [main] INFO  Log - Verifying page title...
2025-07-27 18:54:55 [main] INFO  Log - Starting setup...
2025-07-27 18:54:55 [main] INFO  Log - Navigating to url...
2025-07-27 18:54:57 [main] INFO  Log - Starting login test...
2025-07-27 18:54:57 [main] INFO  Log - Adding credentials...
2025-07-27 18:54:57 [main] INFO  Log - Verifying page title...
2025-07-27 18:54:57 [main] INFO  Log - Starting setup...
2025-07-27 18:54:58 [main] INFO  Log - Navigating to url...
2025-07-27 18:54:59 [main] INFO  Log - Starting login test...
2025-07-27 18:54:59 [main] INFO  Log - Adding credentials...
2025-07-27 18:55:00 [main] INFO  Log - Verifying page title...
2025-07-27 18:57:14 [main] INFO  Log - Starting setup...
2025-07-27 18:57:15 [main] INFO  Log - Navigating to url...
2025-07-27 18:57:16 [main] INFO  Log - Starting login test...
2025-07-27 18:57:16 [main] INFO  Log - Adding credentials...
2025-07-27 18:57:17 [main] INFO  Log - Verifying page title...
2025-07-27 18:57:17 [main] INFO  Log - Starting setup...
2025-07-27 18:57:18 [main] INFO  Log - Navigating to url...
2025-07-27 18:57:20 [main] INFO  Log - Starting login test...
2025-07-27 18:57:20 [main] INFO  Log - Adding credentials...
2025-07-27 18:57:20 [main] INFO  Log - Verifying page title...
2025-07-27 18:58:00 [main] INFO  Log - Starting setup...
2025-07-27 18:58:00 [main] INFO  Log - Navigating to url...
2025-07-27 18:58:10 [main] INFO  Log - Starting login test...
2025-07-27 18:58:10 [main] INFO  Log - Adding credentials...
2025-07-27 18:58:11 [main] INFO  Log - Verifying page title...
2025-07-27 18:58:12 [main] INFO  Log - Starting setup...
2025-07-27 18:58:12 [main] INFO  Log - Navigating to url...
2025-07-27 18:58:14 [main] INFO  Log - Starting login test...
2025-07-27 18:58:14 [main] INFO  Log - Adding credentials...
2025-07-27 18:58:14 [main] INFO  Log - Verifying page title...
2025-07-27 19:04:28 [main] INFO  Log - Starting setup...
2025-07-27 19:04:29 [main] INFO  Log - Navigating to url...
2025-07-27 19:04:30 [main] INFO  Log - Starting login test...
2025-07-27 19:04:30 [main] INFO  Log - Adding credentials...
2025-07-27 19:04:30 [main] INFO  Log - Verifying page title...
2025-07-27 19:04:30 [main] INFO  Log - Starting setup...
2025-07-27 19:04:31 [main] INFO  Log - Navigating to url...
2025-07-27 19:04:32 [main] INFO  Log - Starting login test...
2025-07-27 19:04:32 [main] INFO  Log - Adding credentials...
2025-07-27 19:04:32 [main] INFO  Log - Verifying page title...
2025-07-27 19:04:37 [main] INFO  Log - Starting setup...
2025-07-27 19:04:38 [main] INFO  Log - Navigating to url...
2025-07-27 19:04:38 [main] INFO  Log - Starting login test...
2025-07-27 19:04:38 [main] INFO  Log - Adding credentials...
2025-07-27 19:04:38 [main] INFO  Log - Verifying page title...
2025-07-27 19:04:39 [main] INFO  Log - Starting setup...
2025-07-27 19:04:40 [main] INFO  Log - Navigating to url...
2025-07-27 19:04:41 [main] INFO  Log - Starting login test...
2025-07-27 19:04:41 [main] INFO  Log - Adding credentials...
2025-07-27 19:04:41 [main] INFO  Log - Verifying page title...
2025-07-27 19:08:59 [main] INFO  Log - Starting setup...
2025-07-27 19:09:00 [main] INFO  Log - Navigating to url...
2025-07-27 19:09:01 [main] INFO  Log - Starting login test...
2025-07-27 19:09:01 [main] INFO  Log - Adding credentials...
2025-07-27 19:09:01 [main] INFO  Log - Verifying page title...
2025-07-27 19:09:01 [main] INFO  Log - Starting setup...
2025-07-27 19:09:02 [main] INFO  Log - Navigating to url...
2025-07-27 19:09:03 [main] INFO  Log - Starting login test...
2025-07-27 19:09:03 [main] INFO  Log - Adding credentials...
2025-07-27 19:09:03 [main] INFO  Log - Verifying page title...
2025-07-27 19:09:07 [main] INFO  Log - Starting setup...
2025-07-27 19:09:08 [main] INFO  Log - Navigating to url...
2025-07-27 19:09:09 [main] INFO  Log - Starting login test...
2025-07-27 19:09:09 [main] INFO  Log - Adding credentials...
2025-07-27 19:09:09 [main] INFO  Log - Verifying page title...
2025-07-27 19:09:33 [main] INFO  Log - Starting setup...
2025-07-27 19:09:34 [main] INFO  Log - Navigating to url...
2025-07-27 19:09:35 [main] INFO  Log - Starting login test...
2025-07-27 19:09:35 [main] INFO  Log - Adding credentials...
2025-07-27 19:09:35 [main] INFO  Log - Verifying page title...
2025-07-27 19:09:36 [main] INFO  Log - Starting setup...
2025-07-27 19:09:37 [main] INFO  Log - Navigating to url...
2025-07-27 19:09:38 [main] INFO  Log - Starting login test...
2025-07-27 19:09:38 [main] INFO  Log - Adding credentials...
2025-07-27 19:09:38 [main] INFO  Log - Verifying page title...
2025-07-27 19:09:43 [main] INFO  Log - Starting setup...
2025-07-27 19:09:43 [main] INFO  Log - Navigating to url...
2025-07-27 19:09:44 [main] INFO  Log - Starting login test...
2025-07-27 19:09:44 [main] INFO  Log - Adding credentials...
2025-07-27 19:09:44 [main] INFO  Log - Verifying page title...
2025-07-27 19:09:45 [main] INFO  Log - Starting setup...
2025-07-27 19:09:45 [main] INFO  Log - Navigating to url...
2025-07-27 19:09:46 [main] INFO  Log - Starting login test...
2025-07-27 19:09:46 [main] INFO  Log - Adding credentials...
2025-07-27 19:09:47 [main] INFO  Log - Verifying page title...
2025-07-27 19:11:27 [main] INFO  Log - Starting setup...
2025-07-27 19:11:28 [main] INFO  Log - Navigating to url...
2025-07-27 19:11:29 [main] INFO  Log - Starting login test...
2025-07-27 19:11:29 [main] INFO  Log - Adding credentials...
2025-07-27 19:11:29 [main] INFO  Log - Verifying page title...
2025-07-27 19:11:30 [main] INFO  Log - Starting setup...
2025-07-27 19:11:31 [main] INFO  Log - Navigating to url...
2025-07-27 19:11:32 [main] INFO  Log - Starting login test...
2025-07-27 19:11:32 [main] INFO  Log - Adding credentials...
2025-07-27 19:11:32 [main] INFO  Log - Verifying page title...
2025-07-27 19:11:35 [main] INFO  Log - Starting setup...
2025-07-27 19:11:36 [main] INFO  Log - Navigating to url...
2025-07-27 19:11:37 [main] INFO  Log - Starting login test...
2025-07-27 19:11:37 [main] INFO  Log - Adding credentials...
2025-07-27 19:11:37 [main] INFO  Log - Verifying page title...
2025-07-27 19:11:38 [main] INFO  Log - Starting setup...
2025-07-27 19:11:39 [main] INFO  Log - Navigating to url...
2025-07-27 19:11:40 [main] INFO  Log - Starting login test...
2025-07-27 19:11:40 [main] INFO  Log - Adding credentials...
2025-07-27 19:11:44 [main] INFO  Log - Verifying page title...
2025-07-27 19:12:16 [main] INFO  Log - Starting setup...
2025-07-27 19:12:17 [main] INFO  Log - Navigating to url...
2025-07-27 19:12:18 [main] INFO  Log - Starting login test...
2025-07-27 19:12:18 [main] INFO  Log - Adding credentials...
2025-07-27 19:12:18 [main] INFO  Log - Verifying page title...
2025-07-27 19:12:19 [main] INFO  Log - Starting setup...
2025-07-27 19:12:20 [main] INFO  Log - Navigating to url...
2025-07-27 19:12:21 [main] INFO  Log - Starting login test...
2025-07-27 19:12:21 [main] INFO  Log - Adding credentials...
2025-07-27 19:12:21 [main] INFO  Log - Verifying page title...
2025-07-27 19:12:25 [main] INFO  Log - Starting setup...
2025-07-27 19:12:26 [main] INFO  Log - Navigating to url...
2025-07-27 19:12:32 [main] INFO  Log - Starting login test...
2025-07-27 19:12:32 [main] INFO  Log - Adding credentials...
2025-07-27 19:12:32 [main] INFO  Log - Verifying page title...
2025-07-27 19:12:33 [main] INFO  Log - Starting setup...
2025-07-27 19:12:33 [main] INFO  Log - Navigating to url...
2025-07-27 19:12:35 [main] INFO  Log - Starting login test...
2025-07-27 19:12:35 [main] INFO  Log - Adding credentials...
2025-07-27 19:12:35 [main] INFO  Log - Verifying page title...
2025-07-27 19:13:10 [main] INFO  Log - Starting setup...
2025-07-27 19:13:11 [main] INFO  Log - Navigating to url...
2025-07-27 19:13:12 [main] INFO  Log - Starting login test...
2025-07-27 19:13:12 [main] INFO  Log - Adding credentials...
2025-07-27 19:14:13 [main] INFO  Log - Starting setup...
2025-07-27 19:14:14 [main] INFO  Log - Navigating to url...
2025-07-27 19:14:15 [main] INFO  Log - Starting login test...
2025-07-27 19:14:15 [main] INFO  Log - Adding credentials...
2025-07-27 19:14:16 [main] INFO  Log - Verifying page title...
2025-07-27 19:14:16 [main] INFO  Log - Starting setup...
2025-07-27 19:14:17 [main] INFO  Log - Navigating to url...
2025-07-27 19:14:18 [main] INFO  Log - Starting login test...
2025-07-27 19:14:18 [main] INFO  Log - Adding credentials...
2025-07-27 19:14:23 [main] INFO  Log - Verifying page title...
2025-07-27 19:14:24 [main] INFO  Log - Starting setup...
2025-07-27 19:14:25 [main] INFO  Log - Navigating to url...
2025-07-27 19:14:26 [main] INFO  Log - Starting login test...
2025-07-27 19:14:26 [main] INFO  Log - Adding credentials...
2025-07-27 19:14:26 [main] INFO  Log - Verifying page title...
2025-07-27 19:14:27 [main] INFO  Log - Starting setup...
2025-07-27 19:14:27 [main] INFO  Log - Navigating to url...
2025-07-27 19:14:29 [main] INFO  Log - Starting login test...
2025-07-27 19:14:29 [main] INFO  Log - Adding credentials...
2025-07-27 19:14:29 [main] INFO  Log - Verifying page title...
2025-07-27 19:15:22 [main] INFO  Log - Starting setup...
2025-07-27 19:15:23 [main] INFO  Log - Navigating to url...
2025-07-27 19:15:24 [main] INFO  Log - Starting login test...
2025-07-27 19:15:24 [main] INFO  Log - Adding credentials...
2025-07-27 19:15:24 [main] INFO  Log - Verifying page title...
2025-07-27 19:15:25 [main] INFO  Log - Starting setup...
2025-07-27 19:15:26 [main] INFO  Log - Navigating to url...
2025-07-27 19:15:27 [main] INFO  Log - Starting login test...
2025-07-27 19:15:27 [main] INFO  Log - Adding credentials...
2025-07-27 19:15:27 [main] INFO  Log - Verifying page title...
2025-07-27 19:15:31 [main] INFO  Log - Starting setup...
2025-07-27 19:15:32 [main] INFO  Log - Navigating to url...
2025-07-27 19:15:33 [main] INFO  Log - Starting login test...
2025-07-27 19:15:33 [main] INFO  Log - Adding credentials...
2025-07-27 19:15:33 [main] INFO  Log - Verifying page title...
2025-07-27 19:15:33 [main] INFO  Log - Starting setup...
2025-07-27 19:15:34 [main] INFO  Log - Navigating to url...
2025-07-27 19:15:35 [main] INFO  Log - Starting login test...
2025-07-27 19:15:35 [main] INFO  Log - Adding credentials...
2025-07-27 19:15:35 [main] INFO  Log - Verifying page title...
2025-07-27 19:22:46 [main] INFO  Log - Starting setup...
2025-07-27 19:22:47 [main] INFO  Log - Navigating to url...
2025-07-27 19:22:49 [main] INFO  Log - Starting login test...
2025-07-27 19:22:49 [main] INFO  Log - Adding credentials...
2025-07-27 19:22:49 [main] INFO  Log - Verifying page title...
2025-07-27 19:22:50 [main] INFO  Log - Starting setup...
2025-07-27 19:22:50 [main] INFO  Log - Navigating to url...
2025-07-27 19:22:52 [main] INFO  Log - Starting login test...
2025-07-27 19:22:52 [main] INFO  Log - Adding credentials...
2025-07-27 19:22:55 [main] INFO  Log - Verifying page title...
2025-07-27 19:22:56 [main] INFO  Log - Starting setup...
2025-07-27 19:22:57 [main] INFO  Log - Navigating to url...
2025-07-27 19:22:58 [main] INFO  Log - Starting login test...
2025-07-27 19:22:58 [main] INFO  Log - Adding credentials...
2025-07-27 19:22:58 [main] INFO  Log - Verifying page title...
2025-07-27 19:22:59 [main] INFO  Log - Starting setup...
2025-07-27 19:22:59 [main] INFO  Log - Navigating to url...
2025-07-27 19:23:00 [main] INFO  Log - Starting login test...
2025-07-27 19:23:00 [main] INFO  Log - Adding credentials...
2025-07-27 19:23:00 [main] INFO  Log - Verifying page title...
2025-07-27 19:23:14 [main] INFO  Log - Starting setup...
2025-07-27 19:23:15 [main] INFO  Log - Navigating to url...
2025-07-27 19:23:16 [main] INFO  Log - Starting login test...
2025-07-27 19:23:16 [main] INFO  Log - Adding credentials...
2025-07-27 19:23:16 [main] INFO  Log - Verifying page title...
2025-07-27 19:23:17 [main] INFO  Log - Starting setup...
2025-07-27 19:23:18 [main] INFO  Log - Navigating to url...
2025-07-27 19:23:19 [main] INFO  Log - Starting login test...
2025-07-27 19:23:19 [main] INFO  Log - Adding credentials...
2025-07-27 19:23:19 [main] INFO  Log - Verifying page title...
2025-07-27 19:23:23 [main] INFO  Log - Starting setup...
2025-07-27 19:23:24 [main] INFO  Log - Navigating to url...
2025-07-27 19:23:25 [main] INFO  Log - Starting login test...
2025-07-27 19:23:25 [main] INFO  Log - Adding credentials...
2025-07-27 19:23:25 [main] INFO  Log - Verifying page title...
2025-07-27 19:23:25 [main] INFO  Log - Starting setup...
2025-07-27 19:23:26 [main] INFO  Log - Navigating to url...
2025-07-27 19:23:27 [main] INFO  Log - Starting login test...
2025-07-27 19:23:27 [main] INFO  Log - Adding credentials...
2025-07-27 19:23:27 [main] INFO  Log - Verifying page title...
2025-07-27 19:24:07 [main] INFO  Log - Starting setup...
2025-07-27 19:24:08 [main] INFO  Log - Navigating to url...
2025-07-27 19:24:09 [main] INFO  Log - Starting login test...
2025-07-27 19:24:09 [main] INFO  Log - Adding credentials...
2025-07-27 19:24:09 [main] INFO  Log - Verifying page title...
2025-07-27 19:24:09 [main] INFO  Log - Starting setup...
2025-07-27 19:24:10 [main] INFO  Log - Navigating to url...
2025-07-27 19:24:11 [main] INFO  Log - Starting login test...
2025-07-27 19:24:11 [main] INFO  Log - Adding credentials...
2025-07-27 19:24:11 [main] INFO  Log - Verifying page title...
2025-07-27 19:24:11 [main] INFO  Log - Starting setup...
2025-07-27 19:24:12 [main] INFO  Log - Navigating to url...
2025-07-27 19:24:13 [main] INFO  Log - Starting login test...
2025-07-27 19:24:13 [main] INFO  Log - Adding credentials...
2025-07-27 19:24:13 [main] INFO  Log - Verifying page title...
2025-07-27 19:24:13 [main] INFO  Log - Starting setup...
2025-07-27 19:24:14 [main] INFO  Log - Navigating to url...
2025-07-27 19:24:15 [main] INFO  Log - Starting login test...
2025-07-27 19:24:15 [main] INFO  Log - Adding credentials...
2025-07-27 19:24:15 [main] INFO  Log - Verifying page title...
2025-07-27 19:25:32 [main] INFO  Log - Starting setup...
2025-07-27 19:25:33 [main] INFO  Log - Navigating to url...
2025-07-27 19:25:34 [main] INFO  Log - Starting login test...
2025-07-27 19:25:34 [main] INFO  Log - Adding credentials...
2025-07-27 19:25:35 [main] INFO  Log - Verifying page title...
2025-07-27 19:25:35 [main] INFO  Log - Starting setup...
2025-07-27 19:25:35 [main] INFO  Log - Navigating to url...
2025-07-27 19:25:37 [main] INFO  Log - Starting login test...
2025-07-27 19:25:37 [main] INFO  Log - Adding credentials...
2025-07-27 19:25:37 [main] INFO  Log - Verifying page title...
2025-07-27 19:25:40 [main] INFO  Log - Starting setup...
2025-07-27 19:25:41 [main] INFO  Log - Navigating to url...
2025-07-27 19:25:42 [main] INFO  Log - Starting login test...
2025-07-27 19:25:42 [main] INFO  Log - Adding credentials...
2025-07-27 19:25:42 [main] INFO  Log - Verifying page title...
2025-07-27 19:25:42 [main] INFO  Log - Starting setup...
2025-07-27 19:25:43 [main] INFO  Log - Navigating to url...
2025-07-27 19:25:44 [main] INFO  Log - Starting login test...
2025-07-27 19:25:44 [main] INFO  Log - Adding credentials...
2025-07-27 19:25:44 [main] INFO  Log - Verifying page title...
2025-07-27 19:26:09 [main] INFO  Log - Starting setup...
2025-07-27 19:26:10 [main] INFO  Log - Navigating to url...
2025-07-27 19:26:11 [main] INFO  Log - Starting login test...
2025-07-27 19:26:11 [main] INFO  Log - Adding credentials...
2025-07-27 19:26:11 [main] INFO  Log - Verifying page title...
2025-07-27 19:26:11 [main] INFO  Log - Starting setup...
2025-07-27 19:26:12 [main] INFO  Log - Navigating to url...
2025-07-27 19:26:13 [main] INFO  Log - Starting login test...
2025-07-27 19:26:13 [main] INFO  Log - Adding credentials...
2025-07-27 19:26:13 [main] INFO  Log - Verifying page title...
2025-07-27 19:26:13 [main] INFO  Log - Starting setup...
2025-07-27 19:26:14 [main] INFO  Log - Navigating to url...
2025-07-27 19:26:15 [main] INFO  Log - Starting login test...
2025-07-27 19:26:15 [main] INFO  Log - Adding credentials...
2025-07-27 19:26:15 [main] INFO  Log - Verifying page title...
2025-07-27 19:26:15 [main] INFO  Log - Starting setup...
2025-07-27 19:26:16 [main] INFO  Log - Navigating to url...
2025-07-27 19:26:17 [main] INFO  Log - Starting login test...
2025-07-27 19:26:17 [main] INFO  Log - Adding credentials...
2025-07-27 19:26:17 [main] INFO  Log - Verifying page title...
2025-07-27 19:26:43 [main] INFO  Log - Starting setup...
2025-07-27 19:26:44 [main] INFO  Log - Navigating to url...
2025-07-27 19:26:45 [main] INFO  Log - Starting login test...
2025-07-27 19:26:45 [main] INFO  Log - Adding credentials...
2025-07-27 19:26:45 [main] INFO  Log - Verifying page title...
2025-07-27 19:26:46 [main] INFO  Log - Starting setup...
2025-07-27 19:26:46 [main] INFO  Log - Navigating to url...
2025-07-27 19:26:47 [main] INFO  Log - Starting login test...
2025-07-27 19:26:47 [main] INFO  Log - Adding credentials...
2025-07-27 19:26:48 [main] INFO  Log - Verifying page title...
2025-07-27 19:26:51 [main] INFO  Log - Starting setup...
2025-07-27 19:26:52 [main] INFO  Log - Navigating to url...
2025-07-27 19:26:53 [main] INFO  Log - Starting login test...
2025-07-27 19:26:53 [main] INFO  Log - Adding credentials...
2025-07-27 19:26:53 [main] INFO  Log - Verifying page title...
2025-07-27 19:26:53 [main] INFO  Log - Starting setup...
2025-07-27 19:26:54 [main] INFO  Log - Navigating to url...
2025-07-27 19:26:55 [main] INFO  Log - Starting login test...
2025-07-27 19:26:55 [main] INFO  Log - Adding credentials...
2025-07-27 19:26:55 [main] INFO  Log - Verifying page title...
2025-07-27 19:27:25 [main] INFO  Log - Starting setup...
2025-07-27 19:27:26 [main] INFO  Log - Navigating to url...
2025-07-27 19:27:27 [main] INFO  Log - Starting login test...
2025-07-27 19:27:27 [main] INFO  Log - Adding credentials...
2025-07-27 19:27:27 [main] INFO  Log - Verifying page title...
2025-07-27 19:27:46 [main] INFO  Log - Starting setup...
2025-07-27 19:27:47 [main] INFO  Log - Navigating to url...
2025-07-27 19:27:48 [main] INFO  Log - Starting login test...
2025-07-27 19:27:48 [main] INFO  Log - Adding credentials...
2025-07-27 19:27:48 [main] INFO  Log - Verifying page title...
2025-07-27 19:28:50 [main] INFO  Log - Starting setup...
2025-07-27 19:28:51 [main] INFO  Log - Navigating to url...
2025-07-27 19:28:52 [main] INFO  Log - Starting login test...
2025-07-27 19:28:52 [main] INFO  Log - Adding credentials...
2025-07-27 19:28:52 [main] INFO  Log - Verifying page title...
2025-07-27 19:29:36 [main] INFO  Log - Starting setup...
2025-07-27 19:29:37 [main] INFO  Log - Navigating to url...
2025-07-27 19:29:38 [main] INFO  Log - Starting login test...
2025-07-27 19:29:38 [main] INFO  Log - Adding credentials...
2025-07-27 19:29:38 [main] INFO  Log - Verifying page title...
2025-07-27 19:29:39 [main] INFO  Log - Starting setup...
2025-07-27 19:29:39 [main] INFO  Log - Navigating to url...
2025-07-27 19:29:40 [main] INFO  Log - Starting login test...
2025-07-27 19:29:40 [main] INFO  Log - Adding credentials...
2025-07-27 19:29:40 [main] INFO  Log - Verifying page title...
2025-07-27 19:29:40 [main] INFO  Log - Starting setup...
2025-07-27 19:29:41 [main] INFO  Log - Navigating to url...
2025-07-27 19:29:42 [main] INFO  Log - Starting login test...
2025-07-27 19:29:42 [main] INFO  Log - Adding credentials...
2025-07-27 19:29:42 [main] INFO  Log - Verifying page title...
2025-07-27 19:29:43 [main] INFO  Log - Starting setup...
2025-07-27 19:29:43 [main] INFO  Log - Navigating to url...
2025-07-27 19:29:44 [main] INFO  Log - Starting login test...
2025-07-27 19:29:44 [main] INFO  Log - Adding credentials...
2025-07-27 19:29:45 [main] INFO  Log - Verifying page title...
2025-07-27 22:01:57 [main] INFO  Log - Starting setup...
2025-07-27 22:02:08 [main] INFO  Log - Navigating to url...
2025-07-27 22:02:09 [main] INFO  Log - Starting login test...
2025-07-27 22:02:09 [main] INFO  Log - Adding credentials...
2025-07-27 22:02:10 [main] INFO  Log - Verifying page title...
2025-07-27 22:02:10 [main] INFO  Log - Starting setup...
2025-07-27 22:02:11 [main] INFO  Log - Navigating to url...
2025-07-27 22:02:12 [main] INFO  Log - Starting login test...
2025-07-27 22:02:12 [main] INFO  Log - Adding credentials...
2025-07-27 22:02:15 [main] INFO  Log - Verifying page title...
2025-07-27 22:02:16 [main] INFO  Log - Starting setup...
2025-07-27 22:02:17 [main] INFO  Log - Navigating to url...
2025-07-27 22:02:18 [main] INFO  Log - Starting login test...
2025-07-27 22:02:18 [main] INFO  Log - Adding credentials...
2025-07-27 22:02:18 [main] INFO  Log - Verifying page title...
2025-07-27 22:02:18 [main] INFO  Log - Starting setup...
2025-07-27 22:02:19 [main] INFO  Log - Navigating to url...
2025-07-27 22:02:20 [main] INFO  Log - Starting login test...
2025-07-27 22:02:20 [main] INFO  Log - Adding credentials...
2025-07-27 22:02:21 [main] INFO  Log - Verifying page title...
2025-07-27 22:04:14 [main] INFO  Log - Starting setup...
2025-07-27 22:04:15 [main] INFO  Log - Navigating to url...
2025-07-27 22:04:16 [main] INFO  Log - Starting login test...
2025-07-27 22:04:16 [main] INFO  Log - Adding credentials...
2025-07-27 22:04:17 [main] INFO  Log - Verifying page title...
2025-07-27 22:04:17 [main] INFO  Log - Starting setup...
2025-07-27 22:04:18 [main] INFO  Log - Navigating to url...
2025-07-27 22:04:19 [main] INFO  Log - Starting login test...
2025-07-27 22:04:19 [main] INFO  Log - Adding credentials...
2025-07-27 22:04:22 [main] INFO  Log - Verifying page title...
2025-07-27 22:04:23 [main] INFO  Log - Starting setup...
2025-07-27 22:04:24 [main] INFO  Log - Navigating to url...
2025-07-27 22:04:25 [main] INFO  Log - Starting login test...
2025-07-27 22:04:25 [main] INFO  Log - Adding credentials...
2025-07-27 22:04:25 [main] INFO  Log - Verifying page title...
2025-07-27 22:04:25 [main] INFO  Log - Starting setup...
2025-07-27 22:04:26 [main] INFO  Log - Navigating to url...
2025-07-27 22:04:27 [main] INFO  Log - Starting login test...
2025-07-27 22:04:27 [main] INFO  Log - Adding credentials...
2025-07-27 22:04:28 [main] INFO  Log - Verifying page title...
2025-07-27 22:11:25 [main] INFO  Log - Starting setup...
2025-07-27 22:11:27 [main] INFO  Log - Navigating to url...
2025-07-27 22:11:28 [main] INFO  Log - Starting login test...
2025-07-27 22:11:28 [main] INFO  Log - Adding credentials...
2025-07-27 22:11:29 [main] INFO  Log - Verifying page title...
2025-07-27 22:11:29 [main] INFO  Log - Starting setup...
2025-07-27 22:11:30 [main] INFO  Log - Navigating to url...
2025-07-27 22:11:31 [main] INFO  Log - Starting login test...
2025-07-27 22:11:31 [main] INFO  Log - Adding credentials...
2025-07-27 22:11:35 [main] INFO  Log - Verifying page title...
2025-07-27 22:11:35 [main] INFO  Log - Starting setup...
2025-07-27 22:11:36 [main] INFO  Log - Navigating to url...
2025-07-27 22:11:37 [main] INFO  Log - Starting login test...
2025-07-27 22:11:37 [main] INFO  Log - Adding credentials...
2025-07-27 22:11:38 [main] INFO  Log - Verifying page title...
2025-07-27 22:11:38 [main] INFO  Log - Starting setup...
2025-07-27 22:11:39 [main] INFO  Log - Navigating to url...
2025-07-27 22:11:40 [main] INFO  Log - Starting login test...
2025-07-27 22:11:40 [main] INFO  Log - Adding credentials...
2025-07-27 22:11:41 [main] INFO  Log - Verifying page title...
2025-07-27 22:34:42 [main] INFO  Log - Starting setup...
2025-07-27 22:34:44 [main] INFO  Log - Navigating to url...
2025-07-27 22:34:45 [main] INFO  Log - Starting login test...
2025-07-27 22:34:45 [main] INFO  Log - Adding credentials...
2025-07-27 22:34:46 [main] INFO  Log - Verifying page url...
2025-07-27 22:34:46 [main] INFO  Log - Starting setup...
2025-07-27 22:34:47 [main] INFO  Log - Navigating to url...
2025-07-27 22:34:48 [main] INFO  Log - Starting login test...
2025-07-27 22:34:48 [main] INFO  Log - Adding credentials...
2025-07-27 22:34:49 [main] INFO  Log - Verifying page url...
2025-07-27 22:34:49 [main] INFO  Log - Starting setup...
2025-07-27 22:34:50 [main] INFO  Log - Navigating to url...
2025-07-27 22:34:51 [main] INFO  Log - Starting login test...
2025-07-27 22:34:51 [main] INFO  Log - Adding credentials...
2025-07-27 22:34:51 [main] INFO  Log - Verifying page url...
2025-07-27 22:46:44 [main] INFO  Log - Starting setup...
2025-07-27 22:46:46 [main] INFO  Log - Navigating to url...
2025-07-27 22:46:47 [main] INFO  Log - Starting login test...
2025-07-27 22:46:47 [main] INFO  Log - Adding credentials...
2025-07-27 22:46:48 [main] INFO  Log - Verifying page url...
2025-07-27 22:46:48 [main] INFO  Log - Starting setup...
2025-07-27 22:46:49 [main] INFO  Log - Navigating to url...
2025-07-27 22:46:50 [main] INFO  Log - Starting login test...
2025-07-27 22:46:50 [main] INFO  Log - Adding credentials...
2025-07-27 22:46:51 [main] INFO  Log - Verifying page url...
2025-07-27 22:46:51 [main] INFO  Log - Starting setup...
2025-07-27 22:46:52 [main] INFO  Log - Navigating to url...
2025-07-27 22:46:54 [main] INFO  Log - Starting login test...
2025-07-27 22:46:54 [main] INFO  Log - Adding credentials...
2025-07-27 22:46:54 [main] INFO  Log - Verifying page url...
2025-07-27 22:48:53 [main] INFO  Log - Starting setup...
2025-07-27 22:48:55 [main] INFO  Log - Navigating to url...
2025-07-27 22:48:56 [main] INFO  Log - Starting login test...
2025-07-27 22:48:56 [main] INFO  Log - Adding credentials...
2025-07-27 22:48:57 [main] INFO  Log - Verifying page url...
2025-07-27 22:48:57 [main] INFO  Log - Starting setup...
2025-07-27 22:48:58 [main] INFO  Log - Navigating to url...
2025-07-27 22:48:59 [main] INFO  Log - Starting login test...
2025-07-27 22:48:59 [main] INFO  Log - Adding credentials...
2025-07-27 22:49:00 [main] INFO  Log - Verifying page url...
2025-07-27 22:49:00 [main] INFO  Log - Starting setup...
2025-07-27 22:49:02 [main] INFO  Log - Navigating to url...
2025-07-27 22:49:03 [main] INFO  Log - Starting login test...
2025-07-27 22:49:03 [main] INFO  Log - Adding credentials...
2025-07-27 22:49:04 [main] INFO  Log - Verifying page url...
2025-07-27 22:49:33 [main] INFO  Log - Starting setup...
2025-07-27 22:49:35 [main] INFO  Log - Navigating to url...
2025-07-27 22:49:36 [main] INFO  Log - Starting login test...
2025-07-27 22:49:36 [main] INFO  Log - Adding credentials...
2025-07-27 22:49:37 [main] INFO  Log - Verifying page url...
2025-07-27 22:49:37 [main] INFO  Log - Starting setup...
2025-07-27 22:49:38 [main] INFO  Log - Navigating to url...
2025-07-27 22:49:40 [main] INFO  Log - Starting login test...
2025-07-27 22:49:40 [main] INFO  Log - Adding credentials...
2025-07-27 22:49:41 [main] INFO  Log - Verifying page url...
2025-07-27 22:51:58 [main] INFO  Log - Starting setup...
2025-07-27 22:52:00 [main] INFO  Log - Navigating to url...
2025-07-27 22:52:02 [main] INFO  Log - Starting login test...
2025-07-27 22:52:02 [main] INFO  Log - Adding credentials...
2025-07-27 22:52:02 [main] INFO  Log - Verifying page url...
2025-07-27 22:52:03 [main] INFO  Log - Starting setup...
2025-07-27 22:52:04 [main] INFO  Log - Navigating to url...
2025-07-27 22:52:05 [main] INFO  Log - Starting login test...
2025-07-27 22:52:05 [main] INFO  Log - Adding credentials...
2025-07-27 22:52:06 [main] INFO  Log - Starting setup...
2025-07-27 22:52:07 [main] INFO  Log - Navigating to url...
2025-07-27 22:52:08 [main] INFO  Log - Starting login test...
2025-07-27 22:52:08 [main] INFO  Log - Adding credentials...
2025-07-27 22:55:36 [main] INFO  Log - Starting setup...
2025-07-27 22:55:38 [main] INFO  Log - Navigating to url...
2025-07-27 22:55:40 [main] INFO  Log - Starting login test...
2025-07-27 22:55:40 [main] INFO  Log - Adding credentials...
2025-07-27 22:55:40 [main] INFO  Log - Verifying page url...
2025-07-27 22:55:41 [main] INFO  Log - Starting setup...
2025-07-27 22:55:42 [main] INFO  Log - Navigating to url...
2025-07-27 22:55:43 [main] INFO  Log - Starting login test...
2025-07-27 22:55:43 [main] INFO  Log - Adding credentials...
2025-07-27 22:55:43 [main] INFO  Log - Verifying page url...
2025-07-27 22:55:44 [main] INFO  Log - Starting setup...
2025-07-27 22:55:45 [main] INFO  Log - Navigating to url...
2025-07-27 22:55:46 [main] INFO  Log - Starting login test...
2025-07-27 22:55:46 [main] INFO  Log - Adding credentials...
2025-07-27 22:57:34 [main] INFO  Log - Starting setup...
2025-07-27 22:57:36 [main] INFO  Log - Navigating to url...
2025-07-27 22:57:38 [main] INFO  Log - Starting login test...
2025-07-27 22:57:38 [main] INFO  Log - Adding credentials...
2025-07-27 22:57:39 [main] INFO  Log - Verifying page url...
2025-07-27 22:57:39 [main] INFO  Log - Starting setup...
2025-07-27 22:57:40 [main] INFO  Log - Navigating to url...
2025-07-27 22:57:42 [main] INFO  Log - Starting login test...
2025-07-27 22:57:42 [main] INFO  Log - Adding credentials...
2025-07-27 22:57:43 [main] INFO  Log - Verifying page url...
2025-07-27 22:57:43 [main] INFO  Log - Starting setup...
2025-07-27 22:57:44 [main] INFO  Log - Navigating to url...
2025-07-27 22:57:46 [main] INFO  Log - Starting login test...
2025-07-27 22:57:46 [main] INFO  Log - Adding credentials...
2025-07-27 22:59:10 [main] INFO  Log - Starting setup...
2025-07-27 22:59:12 [main] INFO  Log - Navigating to url...
2025-07-27 22:59:13 [main] INFO  Log - Starting login test...
2025-07-27 22:59:13 [main] INFO  Log - Adding credentials...
2025-07-27 22:59:14 [main] INFO  Log - Verifying page url...
2025-07-27 22:59:14 [main] INFO  Log - Starting setup...
2025-07-27 22:59:16 [main] INFO  Log - Navigating to url...
2025-07-27 22:59:17 [main] INFO  Log - Starting login test...
2025-07-27 22:59:17 [main] INFO  Log - Adding credentials...
2025-07-27 22:59:17 [main] INFO  Log - Verifying page url...
2025-07-27 22:59:18 [main] INFO  Log - Starting setup...
2025-07-27 22:59:19 [main] INFO  Log - Navigating to url...
2025-07-27 22:59:20 [main] INFO  Log - Starting login test...
2025-07-27 22:59:20 [main] INFO  Log - Adding credentials...
2025-07-27 23:01:47 [main] INFO  Log - Starting setup...
2025-07-27 23:01:49 [main] INFO  Log - Navigating to url...
2025-07-27 23:01:51 [main] INFO  Log - Starting login test...
2025-07-27 23:01:51 [main] INFO  Log - Adding credentials...
2025-07-27 23:01:51 [main] INFO  Log - Verifying page url...
2025-07-27 23:01:52 [main] INFO  Log - Starting setup...
2025-07-27 23:01:53 [main] INFO  Log - Navigating to url...
2025-07-27 23:01:54 [main] INFO  Log - Starting login test...
2025-07-27 23:01:54 [main] INFO  Log - Adding credentials...
2025-07-27 23:01:55 [main] INFO  Log - Verifying page url...
2025-07-27 23:01:55 [main] INFO  Log - Starting setup...
2025-07-27 23:01:56 [main] INFO  Log - Navigating to url...
2025-07-27 23:01:58 [main] INFO  Log - Starting login test...
2025-07-27 23:01:58 [main] INFO  Log - Adding credentials...
2025-07-27 23:04:59 [main] INFO  Log - Starting setup...
2025-07-27 23:05:09 [main] INFO  Log - Navigating to url...
2025-07-27 23:05:11 [main] INFO  Log - Starting login test...
2025-07-27 23:05:11 [main] INFO  Log - Adding credentials...
2025-07-27 23:05:12 [main] INFO  Log - Verifying page url...
2025-07-27 23:05:12 [main] INFO  Log - Starting setup...
2025-07-27 23:05:14 [main] INFO  Log - Navigating to url...
2025-07-27 23:05:16 [main] INFO  Log - Starting login test...
2025-07-27 23:05:16 [main] INFO  Log - Adding credentials...
2025-07-27 23:05:16 [main] INFO  Log - Verifying page url...
2025-07-27 23:05:17 [main] INFO  Log - Starting setup...
2025-07-27 23:05:18 [main] INFO  Log - Navigating to url...
2025-07-27 23:05:19 [main] INFO  Log - Starting login test...
2025-07-27 23:05:19 [main] INFO  Log - Adding credentials...
2025-07-27 23:15:59 [main] INFO  Log - Starting setup...
2025-07-27 23:16:01 [main] INFO  Log - Navigating to url...
2025-07-27 23:16:03 [main] INFO  Log - Starting login test...
2025-07-27 23:16:03 [main] INFO  Log - Adding credentials...
2025-07-27 23:16:04 [main] INFO  Log - Verifying page url...
2025-07-27 23:16:04 [main] INFO  Log - Starting setup...
2025-07-27 23:16:06 [main] INFO  Log - Navigating to url...
2025-07-27 23:16:08 [main] INFO  Log - Starting login test...
2025-07-27 23:16:08 [main] INFO  Log - Adding credentials...
2025-07-27 23:16:09 [main] INFO  Log - Verifying page url...
2025-07-27 23:16:09 [main] INFO  Log - Starting setup...
2025-07-27 23:16:11 [main] INFO  Log - Navigating to url...
2025-07-27 23:16:15 [main] INFO  Log - Starting login test...
2025-07-27 23:16:15 [main] INFO  Log - Adding credentials...
2025-07-27 23:21:04 [main] INFO  Log - Starting setup...
2025-07-27 23:21:06 [main] INFO  Log - Navigating to url...
2025-07-27 23:21:08 [main] INFO  Log - Starting login test...
2025-07-27 23:21:08 [main] INFO  Log - Adding credentials...
2025-07-27 23:21:08 [main] INFO  Log - Verifying page url...
2025-07-27 23:21:09 [main] INFO  Log - Starting setup...
2025-07-27 23:21:10 [main] INFO  Log - Navigating to url...
2025-07-27 23:21:12 [main] INFO  Log - Starting login test...
2025-07-27 23:21:12 [main] INFO  Log - Adding credentials...
2025-07-27 23:21:12 [main] INFO  Log - Verifying page url...
2025-07-27 23:21:13 [main] INFO  Log - Starting setup...
2025-07-27 23:21:15 [main] INFO  Log - Navigating to url...
2025-07-27 23:21:17 [main] INFO  Log - Starting login test...
2025-07-27 23:21:17 [main] INFO  Log - Adding credentials...
2025-07-27 23:23:40 [main] INFO  Log - Starting setup...
2025-07-27 23:23:42 [main] INFO  Log - Navigating to url...
2025-07-27 23:23:44 [main] INFO  Log - Starting login test...
2025-07-27 23:23:44 [main] INFO  Log - Adding credentials...
2025-07-27 23:23:45 [main] INFO  Log - Verifying page url...
2025-07-27 23:23:45 [main] INFO  Log - Starting setup...
2025-07-27 23:23:47 [main] INFO  Log - Navigating to url...
2025-07-27 23:23:48 [main] INFO  Log - Starting login test...
2025-07-27 23:23:48 [main] INFO  Log - Adding credentials...
2025-07-27 23:23:49 [main] INFO  Log - Verifying page url...
2025-07-27 23:23:50 [main] INFO  Log - Starting setup...
2025-07-27 23:23:51 [main] INFO  Log - Navigating to url...
2025-07-27 23:23:53 [main] INFO  Log - Starting login test...
2025-07-27 23:23:53 [main] INFO  Log - Adding credentials...
2025-07-27 23:26:43 [main] INFO  Log - Starting setup...
2025-07-27 23:26:46 [main] INFO  Log - Navigating to url...
2025-07-27 23:26:48 [main] INFO  Log - Starting login test...
2025-07-27 23:26:48 [main] INFO  Log - Adding credentials...
2025-07-27 23:26:49 [main] INFO  Log - Verifying page url...
2025-07-27 23:26:50 [main] INFO  Log - Starting setup...
2025-07-27 23:26:52 [main] INFO  Log - Navigating to url...
2025-07-27 23:26:53 [main] INFO  Log - Starting login test...
2025-07-27 23:26:53 [main] INFO  Log - Adding credentials...
2025-07-27 23:26:54 [main] INFO  Log - Verifying page url...
2025-07-27 23:26:55 [main] INFO  Log - Starting setup...
2025-07-27 23:26:56 [main] INFO  Log - Navigating to url...
2025-07-27 23:26:58 [main] INFO  Log - Starting login test...
2025-07-27 23:26:58 [main] INFO  Log - Adding credentials...
2025-07-27 23:28:43 [main] INFO  Log - Starting setup...
2025-07-27 23:28:46 [main] INFO  Log - Navigating to url...
2025-07-27 23:28:47 [main] INFO  Log - Starting login test...
2025-07-27 23:28:47 [main] INFO  Log - Adding credentials...
2025-07-27 23:28:48 [main] INFO  Log - Verifying page url...
2025-07-27 23:28:49 [main] INFO  Log - Starting setup...
2025-07-27 23:28:51 [main] INFO  Log - Navigating to url...
2025-07-27 23:28:52 [main] INFO  Log - Starting login test...
2025-07-27 23:28:52 [main] INFO  Log - Adding credentials...
2025-07-27 23:28:53 [main] INFO  Log - Verifying page url...
2025-07-27 23:28:54 [main] INFO  Log - Starting setup...
2025-07-27 23:28:55 [main] INFO  Log - Navigating to url...
2025-07-27 23:28:57 [main] INFO  Log - Starting login test...
2025-07-27 23:28:57 [main] INFO  Log - Adding credentials...
2025-07-27 23:30:13 [main] INFO  Log - Starting setup...
2025-07-27 23:30:16 [main] INFO  Log - Navigating to url...
2025-07-27 23:30:18 [main] INFO  Log - Starting login test...
2025-07-27 23:30:18 [main] INFO  Log - Adding credentials...
2025-07-27 23:30:19 [main] INFO  Log - Verifying page url...
2025-07-27 23:30:19 [main] INFO  Log - Starting setup...
2025-07-27 23:30:21 [main] INFO  Log - Navigating to url...
2025-07-27 23:30:23 [main] INFO  Log - Starting login test...
2025-07-27 23:30:23 [main] INFO  Log - Adding credentials...
2025-07-27 23:30:24 [main] INFO  Log - Verifying page url...
2025-07-27 23:30:25 [main] INFO  Log - Starting setup...
2025-07-27 23:30:27 [main] INFO  Log - Navigating to url...
2025-07-27 23:30:29 [main] INFO  Log - Starting login test...
2025-07-27 23:30:29 [main] INFO  Log - Adding credentials...
2025-07-28 17:40:07 [main] INFO  Log - Starting setup...
2025-07-28 17:40:18 [main] INFO  Log - Navigating to url...
2025-07-28 17:40:19 [main] INFO  Log - Starting setup...
2025-07-28 17:40:20 [main] INFO  Log - Navigating to url...
2025-07-28 17:40:22 [main] INFO  Log - Starting setup...
2025-07-28 17:40:22 [main] INFO  Log - Navigating to url...
2025-07-28 17:40:44 [main] INFO  Log - Starting setup...
2025-07-28 17:40:45 [main] INFO  Log - Navigating to url...
2025-07-28 17:40:46 [main] INFO  Log - Starting login test...
2025-07-28 17:40:46 [main] INFO  Log - Adding credentials...
2025-07-28 17:40:47 [main] INFO  Log - Starting setup...
2025-07-28 17:40:48 [main] INFO  Log - Navigating to url...
2025-07-28 17:40:49 [main] INFO  Log - Starting login test...
2025-07-28 17:40:49 [main] INFO  Log - Adding credentials...
2025-07-28 17:40:49 [main] INFO  Log - Starting setup...
2025-07-28 17:40:50 [main] INFO  Log - Navigating to url...
2025-07-28 17:40:51 [main] INFO  Log - Starting login test...
2025-07-28 17:40:51 [main] INFO  Log - Adding credentials...
2025-07-28 17:41:48 [main] INFO  Log - Starting setup...
2025-07-28 17:41:49 [main] INFO  Log - Navigating to url...
2025-07-28 17:41:50 [main] INFO  Log - Starting login test...
2025-07-28 17:41:50 [main] INFO  Log - Adding credentials...
2025-07-28 17:41:51 [main] INFO  Log - Starting setup...
2025-07-28 17:41:52 [main] INFO  Log - Navigating to url...
2025-07-28 17:41:53 [main] INFO  Log - Starting login test...
2025-07-28 17:41:53 [main] INFO  Log - Adding credentials...
2025-07-28 17:41:53 [main] INFO  Log - Starting setup...
2025-07-28 17:41:54 [main] INFO  Log - Navigating to url...
2025-07-28 17:41:55 [main] INFO  Log - Starting login test...
2025-07-28 17:41:55 [main] INFO  Log - Adding credentials...
2025-07-28 17:42:17 [main] INFO  Log - Starting setup...
2025-07-28 17:42:18 [main] INFO  Log - Navigating to url...
2025-07-28 17:42:19 [main] INFO  Log - Starting login test...
2025-07-28 17:42:19 [main] INFO  Log - Adding credentials...
2025-07-28 17:42:19 [main] INFO  Log - Starting setup...
2025-07-28 17:42:20 [main] INFO  Log - Navigating to url...
2025-07-28 17:42:21 [main] INFO  Log - Starting login test...
2025-07-28 17:42:21 [main] INFO  Log - Adding credentials...
2025-07-28 17:42:22 [main] INFO  Log - Starting setup...
2025-07-28 17:42:23 [main] INFO  Log - Navigating to url...
2025-07-28 17:42:24 [main] INFO  Log - Starting login test...
2025-07-28 17:42:24 [main] INFO  Log - Adding credentials...
2025-07-28 17:44:19 [main] INFO  Log - Starting setup...
2025-07-28 17:44:20 [main] INFO  Log - Navigating to url...
2025-07-28 17:44:21 [main] INFO  Log - Starting login test...
2025-07-28 17:44:21 [main] INFO  Log - Adding credentials...
2025-07-28 17:44:22 [main] INFO  Log - Starting setup...
2025-07-28 17:44:22 [main] INFO  Log - Navigating to url...
2025-07-28 17:44:23 [main] INFO  Log - Starting login test...
2025-07-28 17:44:23 [main] INFO  Log - Adding credentials...
2025-07-28 17:44:24 [main] INFO  Log - Starting setup...
2025-07-28 17:44:25 [main] INFO  Log - Navigating to url...
2025-07-28 17:44:26 [main] INFO  Log - Starting login test...
2025-07-28 17:44:26 [main] INFO  Log - Adding credentials...
2025-07-28 17:46:07 [main] INFO  Log - Starting setup...
2025-07-28 17:46:08 [main] INFO  Log - Navigating to url...
2025-07-28 17:46:09 [main] INFO  Log - Starting login test...
2025-07-28 17:46:09 [main] INFO  Log - Adding credentials...
2025-07-28 17:46:10 [main] INFO  Log - Starting setup...
2025-07-28 17:46:10 [main] INFO  Log - Navigating to url...
2025-07-28 17:46:12 [main] INFO  Log - Starting login test...
2025-07-28 17:46:12 [main] INFO  Log - Adding credentials...
2025-07-28 17:46:12 [main] INFO  Log - Starting setup...
2025-07-28 17:46:13 [main] INFO  Log - Navigating to url...
2025-07-28 17:46:14 [main] INFO  Log - Starting login test...
2025-07-28 17:46:14 [main] INFO  Log - Adding credentials...
2025-07-28 17:47:31 [main] INFO  Log - Starting setup...
2025-07-28 17:47:33 [main] INFO  Log - Navigating to url...
2025-07-28 17:47:34 [main] INFO  Log - Starting login test...
2025-07-28 17:47:34 [main] INFO  Log - Adding credentials...
2025-07-28 17:47:35 [main] INFO  Log - Starting setup...
2025-07-28 17:47:36 [main] INFO  Log - Navigating to url...
2025-07-28 17:47:37 [main] INFO  Log - Starting login test...
2025-07-28 17:47:37 [main] INFO  Log - Adding credentials...
2025-07-28 17:47:37 [main] INFO  Log - Starting setup...
2025-07-28 17:47:38 [main] INFO  Log - Navigating to url...
2025-07-28 17:47:41 [main] INFO  Log - Starting login test...
2025-07-28 17:47:41 [main] INFO  Log - Adding credentials...
2025-07-28 17:56:12 [main] INFO  Log - Starting setup...
2025-07-28 17:56:13 [main] INFO  Log - Navigating to url...
2025-07-28 17:56:16 [main] INFO  Log - Starting login test...
2025-07-28 17:56:16 [main] INFO  Log - Adding credentials...
2025-07-28 17:56:16 [main] INFO  Log - Starting setup...
2025-07-28 17:56:17 [main] INFO  Log - Navigating to url...
2025-07-28 17:56:19 [main] INFO  Log - Starting login test...
2025-07-28 17:56:19 [main] INFO  Log - Adding credentials...
2025-07-28 17:56:19 [main] INFO  Log - Starting setup...
2025-07-28 17:56:20 [main] INFO  Log - Navigating to url...
2025-07-28 17:56:23 [main] INFO  Log - Starting login test...
2025-07-28 17:56:23 [main] INFO  Log - Adding credentials...
2025-07-28 17:57:25 [main] INFO  Log - Starting setup...
2025-07-28 17:57:26 [main] INFO  Log - Navigating to url...
2025-07-28 17:57:29 [main] INFO  Log - Starting login test...
2025-07-28 17:57:29 [main] INFO  Log - Adding credentials...
2025-07-28 17:57:29 [main] INFO  Log - Starting setup...
2025-07-28 17:57:30 [main] INFO  Log - Navigating to url...
2025-07-28 17:57:32 [main] INFO  Log - Starting login test...
2025-07-28 17:57:32 [main] INFO  Log - Adding credentials...
2025-07-28 17:57:32 [main] INFO  Log - Starting setup...
2025-07-28 17:57:33 [main] INFO  Log - Navigating to url...
2025-07-28 17:57:35 [main] INFO  Log - Starting login test...
2025-07-28 17:57:35 [main] INFO  Log - Adding credentials...
2025-07-28 18:01:09 [main] INFO  Log - Starting setup...
2025-07-28 18:01:10 [main] INFO  Log - Navigating to url...
2025-07-28 18:01:12 [main] INFO  Log - Starting login test...
2025-07-28 18:01:12 [main] INFO  Log - Adding credentials...
2025-07-28 18:01:12 [main] INFO  Log - Starting setup...
2025-07-28 18:01:13 [main] INFO  Log - Navigating to url...
2025-07-28 18:01:16 [main] INFO  Log - Starting login test...
2025-07-28 18:01:16 [main] INFO  Log - Adding credentials...
2025-07-28 18:01:16 [main] INFO  Log - Starting setup...
2025-07-28 18:01:17 [main] INFO  Log - Navigating to url...
2025-07-28 18:01:19 [main] INFO  Log - Starting login test...
2025-07-28 18:01:19 [main] INFO  Log - Adding credentials...
2025-07-28 18:04:12 [main] INFO  Log - Starting setup...
2025-07-28 18:04:14 [main] INFO  Log - Navigating to url...
2025-07-28 18:04:15 [main] INFO  Log - Starting login test...
2025-07-28 18:04:15 [main] INFO  Log - Adding credentials...
2025-07-28 18:04:15 [main] INFO  Log - Starting setup...
2025-07-28 18:04:16 [main] INFO  Log - Navigating to url...
2025-07-28 18:04:17 [main] INFO  Log - Starting login test...
2025-07-28 18:04:17 [main] INFO  Log - Adding credentials...
2025-07-28 18:04:18 [main] INFO  Log - Starting setup...
2025-07-28 18:04:18 [main] INFO  Log - Navigating to url...
2025-07-28 18:04:20 [main] INFO  Log - Starting login test...
2025-07-28 18:04:20 [main] INFO  Log - Adding credentials...
2025-07-28 18:05:59 [main] INFO  Log - Starting setup...
2025-07-28 18:06:01 [main] INFO  Log - Navigating to url...
2025-07-28 18:06:02 [main] INFO  Log - Starting login test...
2025-07-28 18:06:02 [main] INFO  Log - Adding credentials...
2025-07-28 18:06:02 [main] INFO  Log - Starting setup...
2025-07-28 18:06:03 [main] INFO  Log - Navigating to url...
2025-07-28 18:06:04 [main] INFO  Log - Starting login test...
2025-07-28 18:06:04 [main] INFO  Log - Adding credentials...
2025-07-28 18:06:05 [main] INFO  Log - Starting setup...
2025-07-28 18:06:05 [main] INFO  Log - Navigating to url...
2025-07-28 18:06:07 [main] INFO  Log - Starting login test...
2025-07-28 18:06:07 [main] INFO  Log - Adding credentials...
2025-07-28 18:10:39 [main] INFO  Log - Starting setup...
2025-07-28 18:10:40 [main] INFO  Log - Navigating to url...
2025-07-28 18:10:41 [main] INFO  Log - Starting login test...
2025-07-28 18:10:41 [main] INFO  Log - Adding credentials...
2025-07-28 18:10:42 [main] INFO  Log - Starting setup...
2025-07-28 18:10:42 [main] INFO  Log - Navigating to url...
2025-07-28 18:10:44 [main] INFO  Log - Starting login test...
2025-07-28 18:10:44 [main] INFO  Log - Adding credentials...
2025-07-28 18:10:44 [main] INFO  Log - Starting setup...
2025-07-28 18:10:45 [main] INFO  Log - Navigating to url...
2025-07-28 18:10:47 [main] INFO  Log - Starting login test...
2025-07-28 18:10:47 [main] INFO  Log - Adding credentials...
2025-07-28 18:12:18 [main] INFO  Log - Starting setup...
2025-07-28 18:12:19 [main] INFO  Log - Navigating to url...
2025-07-28 18:12:20 [main] INFO  Log - Starting login test...
2025-07-28 18:12:20 [main] INFO  Log - Adding credentials...
2025-07-28 18:12:21 [main] INFO  Log - Starting setup...
2025-07-28 18:12:21 [main] INFO  Log - Navigating to url...
2025-07-28 18:12:23 [main] INFO  Log - Starting login test...
2025-07-28 18:12:23 [main] INFO  Log - Adding credentials...
2025-07-28 18:12:24 [main] INFO  Log - Starting setup...
2025-07-28 18:12:24 [main] INFO  Log - Navigating to url...
2025-07-28 18:12:26 [main] INFO  Log - Starting login test...
2025-07-28 18:12:26 [main] INFO  Log - Adding credentials...
2025-07-29 13:23:44 [main] INFO  Log - Starting setup...
2025-07-29 13:23:55 [main] INFO  Log - Navigating to url...
2025-07-29 13:25:43 [main] INFO  Log - Starting setup...
2025-07-29 13:25:45 [main] INFO  Log - Navigating to url...
2025-07-29 13:27:21 [main] INFO  Log - Starting setup...
2025-07-29 13:27:22 [main] INFO  Log - Navigating to url...
2025-07-29 13:27:24 [main] INFO  Log - Starting login test...
2025-07-29 13:27:24 [main] INFO  Log - Adding credentials...
2025-07-29 13:27:25 [main] INFO  Log - Starting setup...
2025-07-29 13:27:26 [main] INFO  Log - Navigating to url...
2025-07-29 13:27:27 [main] INFO  Log - Starting login test...
2025-07-29 13:27:27 [main] INFO  Log - Adding credentials...
2025-07-29 13:27:28 [main] INFO  Log - Starting setup...
2025-07-29 13:27:29 [main] INFO  Log - Navigating to url...
2025-07-29 13:27:30 [main] INFO  Log - Starting login test...
2025-07-29 13:27:30 [main] INFO  Log - Adding credentials...
2025-07-29 13:32:10 [main] INFO  Log - Starting setup...
2025-07-29 13:32:12 [main] INFO  Log - Navigating to url...
2025-07-29 13:32:14 [main] INFO  Log - Starting login test...
2025-07-29 13:32:14 [main] INFO  Log - Adding credentials...
2025-07-29 13:32:14 [main] INFO  Log - Starting setup...
2025-07-29 13:32:15 [main] INFO  Log - Navigating to url...
2025-07-29 13:32:17 [main] INFO  Log - Starting login test...
2025-07-29 13:32:17 [main] INFO  Log - Adding credentials...
2025-07-29 13:32:17 [main] INFO  Log - Starting setup...
2025-07-29 13:32:18 [main] INFO  Log - Navigating to url...
2025-07-29 13:32:20 [main] INFO  Log - Starting login test...
2025-07-29 13:32:20 [main] INFO  Log - Adding credentials...
2025-07-29 13:40:50 [main] INFO  Log - Starting setup...
2025-07-29 13:40:52 [main] INFO  Log - Navigating to url...
2025-07-29 13:40:54 [main] INFO  Log - Starting login test...
2025-07-29 13:40:54 [main] INFO  Log - Adding credentials...
2025-07-29 13:40:54 [main] INFO  Log - Starting setup...
2025-07-29 13:40:55 [main] INFO  Log - Navigating to url...
2025-07-29 13:40:57 [main] INFO  Log - Starting login test...
2025-07-29 13:40:57 [main] INFO  Log - Adding credentials...
2025-07-29 13:40:57 [main] INFO  Log - Starting setup...
2025-07-29 13:40:58 [main] INFO  Log - Navigating to url...
2025-07-29 13:40:59 [main] INFO  Log - Starting login test...
2025-07-29 13:40:59 [main] INFO  Log - Adding credentials...
2025-07-29 13:46:32 [main] INFO  Log - Starting setup...
2025-07-29 13:46:34 [main] INFO  Log - Navigating to url...
2025-07-29 13:46:35 [main] INFO  Log - Starting login test...
2025-07-29 13:46:35 [main] INFO  Log - Adding credentials...
2025-07-29 13:46:36 [main] INFO  Log - Starting setup...
2025-07-29 13:46:37 [main] INFO  Log - Navigating to url...
2025-07-29 13:46:39 [main] INFO  Log - Starting login test...
2025-07-29 13:46:39 [main] INFO  Log - Adding credentials...
2025-07-29 13:46:39 [main] INFO  Log - Starting setup...
2025-07-29 13:46:40 [main] INFO  Log - Navigating to url...
2025-07-29 13:46:42 [main] INFO  Log - Starting login test...
2025-07-29 13:46:42 [main] INFO  Log - Adding credentials...
2025-07-29 14:09:18 [main] INFO  Log - Starting setup...
2025-07-29 14:09:20 [main] INFO  Log - Navigating to url...
2025-07-29 14:09:22 [main] INFO  Log - Starting login test...
2025-07-29 14:09:22 [main] INFO  Log - Adding credentials...
2025-07-29 14:09:23 [main] INFO  Log - Starting setup...
2025-07-29 14:09:24 [main] INFO  Log - Navigating to url...
2025-07-29 14:09:26 [main] INFO  Log - Starting login test...
2025-07-29 14:09:26 [main] INFO  Log - Adding credentials...
2025-07-29 14:09:27 [main] INFO  Log - Starting setup...
2025-07-29 14:09:28 [main] INFO  Log - Navigating to url...
2025-07-29 14:09:30 [main] INFO  Log - Starting login test...
2025-07-29 14:09:30 [main] INFO  Log - Adding credentials...
2025-07-30 21:58:39 [TestNG-tests-1] INFO  Log - Starting setup...
2025-07-30 21:58:39 [TestNG-tests-2] INFO  Log - Starting setup...
2025-07-30 21:59:34 [TestNG-tests-1] INFO  Log - Starting setup...
2025-07-30 21:59:34 [TestNG-tests-2] INFO  Log - Starting setup...
2025-07-30 21:59:48 [TestNG-tests-1] INFO  Log - Navigating to url...
2025-07-30 21:59:48 [TestNG-tests-1] INFO  Log - Navigating to url...
2025-07-30 21:59:53 [TestNG-tests-1] INFO  Log - Starting login test...
2025-07-30 21:59:53 [TestNG-tests-1] INFO  Log - Starting login test...
2025-07-30 21:59:53 [TestNG-tests-1] INFO  Log - Adding credentials...
2025-07-30 21:59:53 [TestNG-tests-1] INFO  Log - Adding credentials...
2025-07-30 21:59:54 [TestNG-tests-1] INFO  Log - Starting setup...
2025-07-30 21:59:54 [TestNG-tests-1] INFO  Log - Starting setup...
2025-07-30 21:59:56 [TestNG-tests-1] INFO  Log - Navigating to url...
2025-07-30 21:59:56 [TestNG-tests-1] INFO  Log - Navigating to url...
2025-07-30 22:00:00 [TestNG-tests-1] INFO  Log - Starting login test...
2025-07-30 22:00:00 [TestNG-tests-1] INFO  Log - Adding credentials...
2025-07-30 22:00:01 [TestNG-tests-1] INFO  Log - Starting login test...
2025-07-30 22:00:01 [TestNG-tests-1] INFO  Log - Adding credentials...
2025-07-30 22:05:18 [TestNG-tests-2] INFO  Log - Starting setup...
2025-07-30 22:05:18 [TestNG-tests-1] INFO  Log - Starting setup...
2025-07-30 22:05:20 [TestNG-tests-1] INFO  Log - Navigating to url...
2025-07-30 22:05:25 [TestNG-tests-1] INFO  Log - Starting login test...
2025-07-30 22:05:25 [TestNG-tests-1] INFO  Log - Adding credentials...
2025-07-30 22:05:26 [TestNG-tests-1] INFO  Log - Starting setup...
2025-07-30 22:05:27 [TestNG-tests-1] INFO  Log - Navigating to url...
2025-07-30 22:05:37 [TestNG-tests-1] INFO  Log - Starting login test...
2025-07-30 22:05:37 [TestNG-tests-1] INFO  Log - Adding credentials...
2025-07-30 22:05:38 [TestNG-tests-1] INFO  Log - Starting setup...
2025-07-30 22:05:39 [TestNG-tests-1] INFO  Log - Navigating to url...
2025-07-30 22:05:45 [TestNG-tests-1] INFO  Log - Starting login test...
2025-07-30 22:05:45 [TestNG-tests-1] INFO  Log - Adding credentials...
2025-07-30 22:15:17 [TestNG-tests-2] INFO  Log - Starting setup...
2025-07-30 22:15:17 [TestNG-tests-1] INFO  Log - Starting setup...
2025-07-30 22:15:19 [TestNG-tests-1] INFO  Log - Navigating to url...
2025-07-30 22:15:27 [TestNG-tests-1] INFO  Log - Starting login test...
2025-07-30 22:15:27 [TestNG-tests-1] INFO  Log - Adding credentials...
2025-07-30 22:15:28 [TestNG-tests-1] INFO  Log - Starting setup...
2025-07-30 22:15:29 [TestNG-tests-1] INFO  Log - Navigating to url...
2025-07-30 22:15:35 [TestNG-tests-1] INFO  Log - Starting login test...
2025-07-30 22:15:35 [TestNG-tests-1] INFO  Log - Adding credentials...
2025-07-30 22:15:36 [TestNG-tests-1] INFO  Log - Starting setup...
2025-07-30 22:15:37 [TestNG-tests-1] INFO  Log - Navigating to url...
2025-07-30 22:15:42 [TestNG-tests-1] INFO  Log - Starting login test...
2025-07-30 22:15:42 [TestNG-tests-1] INFO  Log - Adding credentials...
2025-07-30 22:15:48 [TestNG-tests-2] INFO  Log - Navigating to url...
2025-07-30 22:27:37 [TestNG-tests-2] INFO  Log - Starting setup...
2025-07-30 22:27:37 [TestNG-tests-1] INFO  Log - Starting setup...
2025-07-30 22:27:39 [TestNG-tests-1] INFO  Log - Navigating to url...
2025-07-30 22:27:42 [TestNG-tests-1] INFO  Log - Starting login test...
2025-07-30 22:27:42 [TestNG-tests-1] INFO  Log - Adding credentials...
2025-07-30 22:27:43 [TestNG-tests-1] INFO  Log - Starting setup...
2025-07-30 22:27:45 [TestNG-tests-1] INFO  Log - Navigating to url...
2025-07-30 22:27:49 [TestNG-tests-1] INFO  Log - Starting login test...
2025-07-30 22:27:49 [TestNG-tests-1] INFO  Log - Adding credentials...
2025-07-30 22:27:50 [TestNG-tests-1] INFO  Log - Starting setup...
2025-07-30 22:27:51 [TestNG-tests-1] INFO  Log - Navigating to url...
2025-07-30 22:27:55 [TestNG-tests-1] INFO  Log - Starting login test...
2025-07-30 22:27:55 [TestNG-tests-1] INFO  Log - Adding credentials...
2025-07-30 22:28:04 [TestNG-tests-2] INFO  Log - Navigating to url...
2025-07-30 22:28:08 [TestNG-tests-2] INFO  Log - Starting login test...
2025-07-30 22:28:08 [TestNG-tests-2] INFO  Log - Adding credentials...
2025-07-30 22:28:10 [TestNG-tests-2] INFO  Log - Starting setup...
2025-07-30 22:28:15 [TestNG-tests-2] INFO  Log - Navigating to url...
2025-07-30 22:28:18 [TestNG-tests-2] INFO  Log - Starting login test...
2025-07-30 22:28:18 [TestNG-tests-2] INFO  Log - Adding credentials...
2025-07-30 22:28:20 [TestNG-tests-2] INFO  Log - Starting setup...
2025-07-30 22:28:25 [TestNG-tests-2] INFO  Log - Navigating to url...
2025-07-30 22:28:29 [TestNG-tests-2] INFO  Log - Starting login test...
2025-07-30 22:28:29 [TestNG-tests-2] INFO  Log - Adding credentials...
